# JRE version: OpenJDK Runtime Environment (8.0_76-b03) (build 1.8.0_76-release-b03)
# Java VM: OpenJDK 64-Bit Server VM (25.76-b03 mixed mode windows-amd64 compressed oops)
Heap:
 PSYoungGen      total 89600K, used 38290K [0x00000000e0000000, 0x00000000e6400000, 0x0000000100000000)
  eden space 80896K, 39% used [0x00000000e0000000,0x00000000e1f87ab0,0x00000000e4f00000)
  from space 8704K, 68% used [0x00000000e5b80000,0x00000000e615d070,0x00000000e6400000)
  to   space 10752K, 0% used [0x00000000e4f00000,0x00000000e4f00000,0x00000000e5980000)
 ParOldGen       total 108544K, used 17361K [0x00000000a0000000, 0x00000000a6a00000, 0x00000000e0000000)
  object space 108544K, 15% used [0x00000000a0000000,0x00000000a10f4758,0x00000000a6a00000)
 Metaspace       used 39094K, capacity 39896K, committed 40320K, reserved 1083392K
  class space    used 5178K, capacity 5418K, committed 5504K, reserved 1048576K
GC Heap History (10 events):
Event: 18.205 GC heap before
{Heap before GC invocations=8 (full 1):
 PSYoungGen      total 57344K, used 52334K [0x00000000e0000000, 0x00000000e4300000, 0x0000000100000000)
  eden space 47104K, 100% used [0x00000000e0000000,0x00000000e2e00000,0x00000000e2e00000)
  from space 10240K, 51% used [0x00000000e3900000,0x00000000e3e1b998,0x00000000e4300000)
  to   space 10752K, 0% used [0x00000000e2e00000,0x00000000e2e00000,0x00000000e3880000)
 ParOldGen       total 68608K, used 8986K [0x00000000a0000000, 0x00000000a4300000, 0x00000000e0000000)
  object space 68608K, 13% used [0x00000000a0000000,0x00000000a08c69d8,0x00000000a4300000)
 Metaspace       used 28400K, capacity 29084K, committed 29312K, reserved 1075200K
  class space    used 3911K, capacity 4100K, committed 4224K, reserved 1048576K
Event: 18.215 GC heap after
Heap after GC invocations=8 (full 1):
 PSYoungGen      total 57856K, used 5801K [0x00000000e0000000, 0x00000000e5380000, 0x0000000100000000)
  eden space 47104K, 0% used [0x00000000e0000000,0x00000000e0000000,0x00000000e2e00000)
  from space 10752K, 53% used [0x00000000e2e00000,0x00000000e33aa7e0,0x00000000e3880000)
  to   space 10240K, 0% used [0x00000000e4980000,0x00000000e4980000,0x00000000e5380000)
 ParOldGen       total 68608K, used 8986K [0x00000000a0000000, 0x00000000a4300000, 0x00000000e0000000)
  object space 68608K, 13% used [0x00000000a0000000,0x00000000a08c69d8,0x00000000a4300000)
 Metaspace       used 28400K, capacity 29084K, committed 29312K, reserved 1075200K
  class space    used 3911K, capacity 4100K, committed 4224K, reserved 1048576K
}
Event: 19.560 GC heap before
{Heap before GC invocations=9 (full 1):
 PSYoungGen      total 57856K, used 52905K [0x00000000e0000000, 0x00000000e5380000, 0x0000000100000000)
  eden space 47104K, 100% used [0x00000000e0000000,0x00000000e2e00000,0x00000000e2e00000)
  from space 10752K, 53% used [0x00000000e2e00000,0x00000000e33aa7e0,0x00000000e3880000)
  to   space 10240K, 0% used [0x00000000e4980000,0x00000000e4980000,0x00000000e5380000)
 ParOldGen       total 68608K, used 8986K [0x00000000a0000000, 0x00000000a4300000, 0x00000000e0000000)
  object space 68608K, 13% used [0x00000000a0000000,0x00000000a08c69d8,0x00000000a4300000)
 Metaspace       used 28892K, capacity 29564K, committed 29824K, reserved 1075200K
  class space    used 3943K, capacity 4132K, committed 4224K, reserved 1048576K
Event: 19.579 GC heap after
Heap after GC invocations=9 (full 1):
 PSYoungGen      total 75264K, used 4244K [0x00000000e0000000, 0x00000000e5600000, 0x0000000100000000)
  eden space 65024K, 0% used [0x00000000e0000000,0x00000000e0000000,0x00000000e3f80000)
  from space 10240K, 41% used [0x00000000e4980000,0x00000000e4da5020,0x00000000e5380000)
  to   space 10240K, 0% used [0x00000000e3f80000,0x00000000e3f80000,0x00000000e4980000)
 ParOldGen       total 68608K, used 9066K [0x00000000a0000000, 0x00000000a4300000, 0x00000000e0000000)
  object space 68608K, 13% used [0x00000000a0000000,0x00000000a08daa00,0x00000000a4300000)
 Metaspace       used 28892K, capacity 29564K, committed 29824K, reserved 1075200K
  class space    used 3943K, capacity 4132K, committed 4224K, reserved 1048576K
}
Event: 23.670 GC heap before
{Heap before GC invocations=10 (full 1):
 PSYoungGen      total 75264K, used 45156K [0x00000000e0000000, 0x00000000e5600000, 0x0000000100000000)
  eden space 65024K, 62% used [0x00000000e0000000,0x00000000e27f4098,0x00000000e3f80000)
  from space 10240K, 41% used [0x00000000e4980000,0x00000000e4da5020,0x00000000e5380000)
  to   space 10240K, 0% used [0x00000000e3f80000,0x00000000e3f80000,0x00000000e4980000)
 ParOldGen       total 68608K, used 9066K [0x00000000a0000000, 0x00000000a4300000, 0x00000000e0000000)
  object space 68608K, 13% used [0x00000000a0000000,0x00000000a08daa00,0x00000000a4300000)
 Metaspace       used 34496K, capacity 35332K, committed 35496K, reserved 1079296K
  class space    used 4583K, capacity 4821K, committed 4864K, reserved 1048576K
Event: 23.707 GC heap after
Heap after GC invocations=10 (full 1):
 PSYoungGen      total 75264K, used 9855K [0x00000000e0000000, 0x00000000e6680000, 0x0000000100000000)
  eden space 65024K, 0% used [0x00000000e0000000,0x00000000e0000000,0x00000000e3f80000)
  from space 10240K, 96% used [0x00000000e3f80000,0x00000000e491fd00,0x00000000e4980000)
  to   space 11264K, 0% used [0x00000000e5b80000,0x00000000e5b80000,0x00000000e6680000)
 ParOldGen       total 68608K, used 9074K [0x00000000a0000000, 0x00000000a4300000, 0x00000000e0000000)
  object space 68608K, 13% used [0x00000000a0000000,0x00000000a08dca00,0x00000000a4300000)
 Metaspace       used 34496K, capacity 35332K, committed 35496K, reserved 1079296K
  class space    used 4583K, capacity 4821K, committed 4864K, reserved 1048576K
}
Event: 23.707 GC heap before
{Heap before GC invocations=11 (full 2):
 PSYoungGen      total 75264K, used 9855K [0x00000000e0000000, 0x00000000e6680000, 0x0000000100000000)
  eden space 65024K, 0% used [0x00000000e0000000,0x00000000e0000000,0x00000000e3f80000)
  from space 10240K, 96% used [0x00000000e3f80000,0x00000000e491fd00,0x00000000e4980000)
  to   space 11264K, 0% used [0x00000000e5b80000,0x00000000e5b80000,0x00000000e6680000)
 ParOldGen       total 68608K, used 9074K [0x00000000a0000000, 0x00000000a4300000, 0x00000000e0000000)
  object space 68608K, 13% used [0x00000000a0000000,0x00000000a08dca00,0x00000000a4300000)
 Metaspace       used 34496K, capacity 35332K, committed 35496K, reserved 1079296K
  class space    used 4583K, capacity 4821K, committed 4864K, reserved 1048576K
Event: 23.873 GC heap after
Heap after GC invocations=11 (full 2):
 PSYoungGen      total 75264K, used 0K [0x00000000e0000000, 0x00000000e6680000, 0x0000000100000000)
  eden space 65024K, 0% used [0x00000000e0000000,0x00000000e0000000,0x00000000e3f80000)
  from space 10240K, 0% used [0x00000000e3f80000,0x00000000e3f80000,0x00000000e4980000)
  to   space 11264K, 0% used [0x00000000e5b80000,0x00000000e5b80000,0x00000000e6680000)
 ParOldGen       total 108544K, used 17353K [0x00000000a0000000, 0x00000000a6a00000, 0x00000000e0000000)
  object space 108544K, 15% used [0x00000000a0000000,0x00000000a10f2758,0x00000000a6a00000)
 Metaspace       used 34465K, capacity 35212K, committed 35496K, reserved 1079296K
  class space    used 4574K, capacity 4781K, committed 4864K, reserved 1048576K
}
Event: 25.605 GC heap before
{Heap before GC invocations=12 (full 2):
 PSYoungGen      total 75264K, used 65024K [0x00000000e0000000, 0x00000000e6680000, 0x0000000100000000)
  eden space 65024K, 100% used [0x00000000e0000000,0x00000000e3f80000,0x00000000e3f80000)
  from space 10240K, 0% used [0x00000000e3f80000,0x00000000e3f80000,0x00000000e4980000)
  to   space 11264K, 0% used [0x00000000e5b80000,0x00000000e5b80000,0x00000000e6680000)
 ParOldGen       total 108544K, used 17353K [0x00000000a0000000, 0x00000000a6a00000, 0x00000000e0000000)
  object space 108544K, 15% used [0x00000000a0000000,0x00000000a10f2758,0x00000000a6a00000)
 Metaspace       used 38555K, capacity 39290K, committed 39680K, reserved 1083392K
  class space    used 5094K, capacity 5302K, committed 5376K, reserved 1048576K
Event: 25.618 GC heap after
Heap after GC invocations=12 (full 2):
 PSYoungGen      total 89600K, used 6004K [0x00000000e0000000, 0x00000000e6400000, 0x0000000100000000)
  eden space 80896K, 0% used [0x00000000e0000000,0x00000000e0000000,0x00000000e4f00000)
  from space 8704K, 68% used [0x00000000e5b80000,0x00000000e615d070,0x00000000e6400000)
  to   space 10752K, 0% used [0x00000000e4f00000,0x00000000e4f00000,0x00000000e5980000)
 ParOldGen       total 108544K, used 17361K [0x00000000a0000000, 0x00000000a6a00000, 0x00000000e0000000)
  object space 108544K, 15% used [0x00000000a0000000,0x00000000a10f4758,0x00000000a6a00000)
 Metaspace       used 38555K, capacity 39290K, committed 39680K, reserved 1083392K
  class space    used 5094K, capacity 5302K, committed 5376K, reserved 1048576K
}

