# JRE version: OpenJDK Runtime Environment (8.0_202-b03) (build 1.8.0_202-release-1483-b03)
# Java VM: OpenJDK 64-Bit Server VM (25.202-b03 mixed mode windows-amd64 compressed oops)
Heap:
 PSYoungGen      total 75776K, used 15045K [0x00000000e0000000, 0x00000000e6980000, 0x0000000100000000)
  eden space 65024K, 23% used [0x00000000e0000000,0x00000000e0eb1650,0x00000000e3f80000)
  from space 10752K, 0% used [0x00000000e3f80000,0x00000000e3f80000,0x00000000e4a00000)
  to   space 11776K, 0% used [0x00000000e5e00000,0x00000000e5e00000,0x00000000e6980000)
 ParOldGen       total 100864K, used 16221K [0x00000000a0000000, 0x00000000a6280000, 0x00000000e0000000)
  object space 100864K, 16% used [0x00000000a0000000,0x00000000a0fd7570,0x00000000a6280000)
 Metaspace       used 34807K, capacity 35366K, committed 35880K, reserved 1081344K
  class space    used 4648K, capacity 4852K, committed 4912K, reserved 1048576K
GC Heap History (10 events):
Event: 8.348 GC heap before
{Heap before GC invocations=7 (full 1):
 PSYoungGen      total 38400K, used 37192K [0x00000000e0000000, 0x00000000e4280000, 0x0000000100000000)
  eden space 33280K, 100% used [0x00000000e0000000,0x00000000e2080000,0x00000000e2080000)
  from space 5120K, 76% used [0x00000000e2080000,0x00000000e24523b0,0x00000000e2580000)
  to   space 10752K, 0% used [0x00000000e3800000,0x00000000e3800000,0x00000000e4280000)
 ParOldGen       total 65536K, used 8314K [0x00000000a0000000, 0x00000000a4000000, 0x00000000e0000000)
  object space 65536K, 12% used [0x00000000a0000000,0x00000000a081e9a0,0x00000000a4000000)
 Metaspace       used 26239K, capacity 26654K, committed 26928K, reserved 1073152K
  class space    used 3605K, capacity 3765K, committed 3888K, reserved 1048576K
Event: 8.361 GC heap after
Heap after GC invocations=7 (full 1):
 PSYoungGen      total 57856K, used 4851K [0x00000000e0000000, 0x00000000e4280000, 0x0000000100000000)
  eden space 47104K, 0% used [0x00000000e0000000,0x00000000e0000000,0x00000000e2e00000)
  from space 10752K, 45% used [0x00000000e3800000,0x00000000e3cbcf88,0x00000000e4280000)
  to   space 10240K, 0% used [0x00000000e2e00000,0x00000000e2e00000,0x00000000e3800000)
 ParOldGen       total 65536K, used 8322K [0x00000000a0000000, 0x00000000a4000000, 0x00000000e0000000)
  object space 65536K, 12% used [0x00000000a0000000,0x00000000a08209a0,0x00000000a4000000)
 Metaspace       used 26239K, capacity 26654K, committed 26928K, reserved 1073152K
  class space    used 3605K, capacity 3765K, committed 3888K, reserved 1048576K
}
Event: 12.823 GC heap before
{Heap before GC invocations=8 (full 1):
 PSYoungGen      total 57856K, used 51955K [0x00000000e0000000, 0x00000000e4280000, 0x0000000100000000)
  eden space 47104K, 100% used [0x00000000e0000000,0x00000000e2e00000,0x00000000e2e00000)
  from space 10752K, 45% used [0x00000000e3800000,0x00000000e3cbcf88,0x00000000e4280000)
  to   space 10240K, 0% used [0x00000000e2e00000,0x00000000e2e00000,0x00000000e3800000)
 ParOldGen       total 65536K, used 8322K [0x00000000a0000000, 0x00000000a4000000, 0x00000000e0000000)
  object space 65536K, 12% used [0x00000000a0000000,0x00000000a08209a0,0x00000000a4000000)
 Metaspace       used 28039K, capacity 28562K, committed 28848K, reserved 1075200K
  class space    used 3800K, capacity 3969K, committed 4016K, reserved 1048576K
Event: 12.851 GC heap after
Heap after GC invocations=8 (full 1):
 PSYoungGen      total 57344K, used 5935K [0x00000000e0000000, 0x00000000e5380000, 0x0000000100000000)
  eden space 47104K, 0% used [0x00000000e0000000,0x00000000e0000000,0x00000000e2e00000)
  from space 10240K, 57% used [0x00000000e2e00000,0x00000000e33cbf20,0x00000000e3800000)
  to   space 9728K, 0% used [0x00000000e4a00000,0x00000000e4a00000,0x00000000e5380000)
 ParOldGen       total 65536K, used 8394K [0x00000000a0000000, 0x00000000a4000000, 0x00000000e0000000)
  object space 65536K, 12% used [0x00000000a0000000,0x00000000a08329b0,0x00000000a4000000)
 Metaspace       used 28039K, capacity 28562K, committed 28848K, reserved 1075200K
  class space    used 3800K, capacity 3969K, committed 4016K, reserved 1048576K
}
Event: 14.423 GC heap before
{Heap before GC invocations=9 (full 1):
 PSYoungGen      total 57344K, used 53039K [0x00000000e0000000, 0x00000000e5380000, 0x0000000100000000)
  eden space 47104K, 100% used [0x00000000e0000000,0x00000000e2e00000,0x00000000e2e00000)
  from space 10240K, 57% used [0x00000000e2e00000,0x00000000e33cbf20,0x00000000e3800000)
  to   space 9728K, 0% used [0x00000000e4a00000,0x00000000e4a00000,0x00000000e5380000)
 ParOldGen       total 65536K, used 8394K [0x00000000a0000000, 0x00000000a4000000, 0x00000000e0000000)
  object space 65536K, 12% used [0x00000000a0000000,0x00000000a08329b0,0x00000000a4000000)
 Metaspace       used 32024K, capacity 32594K, committed 32944K, reserved 1077248K
  class space    used 4296K, capacity 4488K, committed 4528K, reserved 1048576K
Event: 14.447 GC heap after
Heap after GC invocations=9 (full 1):
 PSYoungGen      total 74752K, used 9226K [0x00000000e0000000, 0x00000000e5780000, 0x0000000100000000)
  eden space 65024K, 0% used [0x00000000e0000000,0x00000000e0000000,0x00000000e3f80000)
  from space 9728K, 94% used [0x00000000e4a00000,0x00000000e53028f8,0x00000000e5380000)
  to   space 10752K, 0% used [0x00000000e3f80000,0x00000000e3f80000,0x00000000e4a00000)
 ParOldGen       total 65536K, used 8402K [0x00000000a0000000, 0x00000000a4000000, 0x00000000e0000000)
  object space 65536K, 12% used [0x00000000a0000000,0x00000000a08349b0,0x00000000a4000000)
 Metaspace       used 32024K, capacity 32594K, committed 32944K, reserved 1077248K
  class space    used 4296K, capacity 4488K, committed 4528K, reserved 1048576K
}
Event: 15.439 GC heap before
{Heap before GC invocations=10 (full 1):
 PSYoungGen      total 74752K, used 41464K [0x00000000e0000000, 0x00000000e5780000, 0x0000000100000000)
  eden space 65024K, 49% used [0x00000000e0000000,0x00000000e1f7b7f8,0x00000000e3f80000)
  from space 9728K, 94% used [0x00000000e4a00000,0x00000000e53028f8,0x00000000e5380000)
  to   space 10752K, 0% used [0x00000000e3f80000,0x00000000e3f80000,0x00000000e4a00000)
 ParOldGen       total 65536K, used 8402K [0x00000000a0000000, 0x00000000a4000000, 0x00000000e0000000)
  object space 65536K, 12% used [0x00000000a0000000,0x00000000a08349b0,0x00000000a4000000)
 Metaspace       used 34662K, capacity 35158K, committed 35496K, reserved 1079296K
  class space    used 4621K, capacity 4782K, committed 4784K, reserved 1048576K
Event: 15.459 GC heap after
Heap after GC invocations=10 (full 1):
 PSYoungGen      total 75776K, used 9777K [0x00000000e0000000, 0x00000000e6980000, 0x0000000100000000)
  eden space 65024K, 0% used [0x00000000e0000000,0x00000000e0000000,0x00000000e3f80000)
  from space 10752K, 90% used [0x00000000e3f80000,0x00000000e490c460,0x00000000e4a00000)
  to   space 11776K, 0% used [0x00000000e5e00000,0x00000000e5e00000,0x00000000e6980000)
 ParOldGen       total 65536K, used 8410K [0x00000000a0000000, 0x00000000a4000000, 0x00000000e0000000)
  object space 65536K, 12% used [0x00000000a0000000,0x00000000a08369b0,0x00000000a4000000)
 Metaspace       used 34662K, capacity 35158K, committed 35496K, reserved 1079296K
  class space    used 4621K, capacity 4782K, committed 4784K, reserved 1048576K
}
Event: 15.459 GC heap before
{Heap before GC invocations=11 (full 2):
 PSYoungGen      total 75776K, used 9777K [0x00000000e0000000, 0x00000000e6980000, 0x0000000100000000)
  eden space 65024K, 0% used [0x00000000e0000000,0x00000000e0000000,0x00000000e3f80000)
  from space 10752K, 90% used [0x00000000e3f80000,0x00000000e490c460,0x00000000e4a00000)
  to   space 11776K, 0% used [0x00000000e5e00000,0x00000000e5e00000,0x00000000e6980000)
 ParOldGen       total 65536K, used 8410K [0x00000000a0000000, 0x00000000a4000000, 0x00000000e0000000)
  object space 65536K, 12% used [0x00000000a0000000,0x00000000a08369b0,0x00000000a4000000)
 Metaspace       used 34662K, capacity 35158K, committed 35496K, reserved 1079296K
  class space    used 4621K, capacity 4782K, committed 4784K, reserved 1048576K
Event: 15.615 GC heap after
Heap after GC invocations=11 (full 2):
 PSYoungGen      total 75776K, used 0K [0x00000000e0000000, 0x00000000e6980000, 0x0000000100000000)
  eden space 65024K, 0% used [0x00000000e0000000,0x00000000e0000000,0x00000000e3f80000)
  from space 10752K, 0% used [0x00000000e3f80000,0x00000000e3f80000,0x00000000e4a00000)
  to   space 11776K, 0% used [0x00000000e5e00000,0x00000000e5e00000,0x00000000e6980000)
 ParOldGen       total 100864K, used 16221K [0x00000000a0000000, 0x00000000a6280000, 0x00000000e0000000)
  object space 100864K, 16% used [0x00000000a0000000,0x00000000a0fd7570,0x00000000a6280000)
 Metaspace       used 34662K, capacity 35158K, committed 35496K, reserved 1079296K
  class space    used 4621K, capacity 4782K, committed 4784K, reserved 1048576K
}

